2024-11-25T15:32:44.573Z [INFO: Solicitud HTTP: GET /protected]
2024-11-25T15:32:44.590Z [INFO: Validando token...]
2024-11-25T15:32:44.591Z [WARN: No se encontró el token en la solicitud]
2024-11-25T15:32:44.610Z [INFO: Solicitud HTTP: GET /protected]
2024-11-25T15:32:44.642Z [INFO: Validando token...]
2024-11-25T15:32:44.643Z [WARN: No se encontró el token en la solicitud]
2024-11-25T15:32:45.751Z [INFO: Solicitud HTTP: GET /login]
2024-11-25T15:32:45.756Z [INFO: Redirigiendo al login de ClaveÚnica]
2024-11-25T15:33:00.297Z [INFO: Solicitud HTTP: GET /inicio?code=dc0e68edc90a4a6380dcd3a2d8911472&state=875b51bbd8c13386ed2d0c8d36da37ae7ef0270ea262fdc63527f7a9e047]
2024-11-25T15:33:03.240Z [INFO: Se creo el token JWT]
2024-11-25T15:33:03.789Z [INFO: Solicitud HTTP: GET /protected]
2024-11-25T15:33:03.791Z [INFO: Validando token...]
2024-11-25T15:33:03.797Z [INFO: USUARIO: Maria Carmen De los angeles Del rio Gonzalez  | RUN: 44444444-4]
2024-11-25T15:33:03.807Z [INFO: Solicitud HTTP: GET /protected]
2024-11-25T15:33:03.812Z [INFO: Validando token...]
2024-11-25T15:33:03.814Z [INFO: USUARIO: Maria Carmen De los angeles Del rio Gonzalez  | RUN: 44444444-4]
2024-11-25T15:33:06.250Z [INFO: Solicitud HTTP: GET /protected]
2024-11-25T15:33:06.252Z [INFO: Validando token...]
2024-11-25T15:33:06.254Z [INFO: USUARIO: Maria Carmen De los angeles Del rio Gonzalez  | RUN: 44444444-4]
2024-11-25T15:33:06.268Z [INFO: Solicitud HTTP: GET /protected]
2024-11-25T15:33:06.271Z [INFO: Validando token...]
2024-11-25T15:33:06.275Z [INFO: USUARIO: Maria Carmen De los angeles Del rio Gonzalez  | RUN: 44444444-4]
2024-11-25T15:33:07.558Z [INFO: Solicitud HTTP: GET /protected]
2024-11-25T15:33:07.559Z [INFO: Validando token...]
2024-11-25T15:33:07.561Z [INFO: USUARIO: Maria Carmen De los angeles Del rio Gonzalez  | RUN: 44444444-4]
2024-11-25T15:33:07.572Z [INFO: Solicitud HTTP: GET /protected]
2024-11-25T15:33:07.573Z [INFO: Validando token...]
2024-11-25T15:33:07.576Z [INFO: USUARIO: Maria Carmen De los angeles Del rio Gonzalez  | RUN: 44444444-4]
2024-11-25T15:33:13.143Z [INFO: Solicitud HTTP: GET /protected]
2024-11-25T15:33:13.144Z [INFO: Validando token...]
2024-11-25T15:33:13.149Z [ERROR: No se pudo verificar el token. jwt expired]
2024-11-25T15:33:13.162Z [INFO: Solicitud HTTP: GET /protected]
2024-11-25T15:33:13.164Z [INFO: Validando token...]
2024-11-25T15:33:13.167Z [ERROR: No se pudo verificar el token. jwt expired]
2024-11-25T15:33:13.193Z [INFO: Solicitud HTTP: GET /protected]
2024-11-25T15:33:13.194Z [INFO: Validando token...]
2024-11-25T15:33:13.195Z [WARN: No se encontró el token en la solicitud]
2024-11-25T15:33:13.205Z [INFO: Solicitud HTTP: GET /protected]
2024-11-25T15:33:13.207Z [INFO: Validando token...]
2024-11-25T15:33:13.208Z [WARN: No se encontró el token en la solicitud]
2024-11-25T15:34:38.144Z [INFO: Solicitud HTTP: GET /login]
2024-11-25T15:34:38.147Z [INFO: Redirigiendo al login de ClaveÚnica]
2024-11-25T15:35:05.543Z [INFO: Solicitud HTTP: GET /protected]
2024-11-25T15:35:05.558Z [INFO: Validando token...]
2024-11-25T15:35:05.558Z [WARN: No se encontró el token en la solicitud]
2024-11-25T15:35:05.569Z [INFO: Solicitud HTTP: GET /protected]
2024-11-25T15:35:05.572Z [INFO: Validando token...]
2024-11-25T15:35:05.572Z [WARN: No se encontró el token en la solicitud]
25/11/2024 12:41:07 [INFO: Solicitud HTTP: GET /protected]
25/11/2024 12:41:07 [INFO: Validando token...]
25/11/2024 12:41:07 [WARN: No se encontró el token en la solicitud]
25/11/2024 12:41:07 [INFO: Solicitud HTTP: GET /protected]
25/11/2024 12:41:07 [INFO: Validando token...]
25/11/2024 12:41:07 [WARN: No se encontró el token en la solicitud]
25/11/2024 12:41:21 [INFO: Solicitud HTTP: GET /login]
25/11/2024 12:41:21 [INFO: Redirigiendo al login de ClaveÚnica...]
25/11/2024 12:41:43 [INFO: Solicitud HTTP: GET /inicio?code=ecee2dc24f954022a642034d1d5964e1&state=36bcc181f4c6e13b1b874edaf6ba546a1603eab90977932036e9da8b3794]
25/11/2024 12:41:45 [INFO: Se creo el token JWT]
25/11/2024 12:41:46 [INFO: Solicitud HTTP: GET /protected]
25/11/2024 12:41:46 [INFO: Validando token...]
25/11/2024 12:41:46 [INFO: USUARIO: Maria Carmen De los angeles Del rio Gonzalez  | RUN: 44444444-4]
25/11/2024 12:41:46 [INFO: Solicitud HTTP: GET /protected]
25/11/2024 12:41:46 [INFO: Validando token...]
25/11/2024 12:41:46 [INFO: USUARIO: Maria Carmen De los angeles Del rio Gonzalez  | RUN: 44444444-4]
25/11/2024 12:42:02 [INFO: Solicitud HTTP: GET /protected]
25/11/2024 12:42:02 [INFO: Validando token...]
25/11/2024 12:42:02 [ERROR: No se pudo verificar el token. jwt expired]
25/11/2024 12:42:02 [INFO: Solicitud HTTP: GET /protected]
25/11/2024 12:42:02 [INFO: Validando token...]
25/11/2024 12:42:02 [ERROR: No se pudo verificar el token. jwt expired]
25/11/2024 12:42:02 [INFO: Solicitud HTTP: GET /protected]
25/11/2024 12:42:03 [INFO: Validando token...]
25/11/2024 12:42:03 [WARN: No se encontró el token en la solicitud]
25/11/2024 12:42:03 [INFO: Solicitud HTTP: GET /protected]
25/11/2024 12:42:03 [INFO: Validando token...]
25/11/2024 12:42:03 [WARN: No se encontró el token en la solicitud]
25-11-2024 12:43:00 [INFO: Solicitud HTTP: GET /protected]
25-11-2024 12:43:00 [INFO: Validando token...]
25-11-2024 12:43:00 [WARN: No se encontró el token en la solicitud]
25-11-2024 12:43:00 [INFO: Solicitud HTTP: GET /protected]
25-11-2024 12:43:00 [INFO: Validando token...]
25-11-2024 12:43:00 [WARN: No se encontró el token en la solicitud]
2024-11-25 12:43:24 [INFO: Solicitud HTTP: GET /protected]
2024-11-25 12:43:24 [INFO: Validando token...]
2024-11-25 12:43:24 [WARN: No se encontró el token en la solicitud]
2024-11-25 12:43:24 [INFO: Solicitud HTTP: GET /protected]
2024-11-25 12:43:24 [INFO: Validando token...]
2024-11-25 12:43:24 [WARN: No se encontró el token en la solicitud]
2024-11-25 12:44:32:4432 [INFO: Solicitud HTTP: GET /protected]
2024-11-25 12:44:32:4432 [INFO: Validando token...]
2024-11-25 12:44:32:4432 [WARN: No se encontró el token en la solicitud]
2024-11-25 12:44:32:4432 [INFO: Solicitud HTTP: GET /protected]
2024-11-25 12:44:32:4432 [INFO: Validando token...]
2024-11-25 12:44:32:4432 [WARN: No se encontró el token en la solicitud]
2024-11-25 12:44:36:4436 [INFO: Solicitud HTTP: GET /protected]
2024-11-25 12:44:36:4436 [INFO: Validando token...]
2024-11-25 12:44:36:4436 [WARN: No se encontró el token en la solicitud]
2024-11-25 12:44:36:4436 [INFO: Solicitud HTTP: GET /protected]
2024-11-25 12:44:36:4436 [INFO: Validando token...]
2024-11-25 12:44:36:4436 [WARN: No se encontró el token en la solicitud]
2024-11-25 12:44:44i [INFO: Solicitud HTTP: GET /protected]
2024-11-25 12:44:44i [INFO: Validando token...]
2024-11-25 12:44:44i [WARN: No se encontró el token en la solicitud]
2024-11-25 12:44:44i [INFO: Solicitud HTTP: GET /protected]
2024-11-25 12:44:44i [INFO: Validando token...]
2024-11-25 12:44:44i [WARN: No se encontró el token en la solicitud]
2024-11-25 12:45:11I [INFO: Solicitud HTTP: GET /protected]
2024-11-25 12:45:11I [INFO: Validando token...]
2024-11-25 12:45:11I [WARN: No se encontró el token en la solicitud]
2024-11-25 12:45:11I [INFO: Solicitud HTTP: GET /protected]
2024-11-25 12:45:11I [INFO: Validando token...]
2024-11-25 12:45:11I [WARN: No se encontró el token en la solicitud]
2024-11-25 12:45.2727 [INFO: Solicitud HTTP: GET /protected]
2024-11-25 12:45.2727 [INFO: Validando token...]
2024-11-25 12:45.2727 [WARN: No se encontró el token en la solicitud]
2024-11-25 12:45.2727 [INFO: Solicitud HTTP: GET /protected]
2024-11-25 12:45.2727 [INFO: Validando token...]
2024-11-25 12:45.2727 [WARN: No se encontró el token en la solicitud]
2024-11-25 12:45.432 [INFO: Solicitud HTTP: GET /protected]
2024-11-25 12:45.476 [INFO: Validando token...]
2024-11-25 12:45.483 [WARN: No se encontró el token en la solicitud]
2024-11-25 12:45.521 [INFO: Solicitud HTTP: GET /protected]
2024-11-25 12:45.597 [INFO: Validando token...]
2024-11-25 12:45.648 [WARN: No se encontró el token en la solicitud]
2024-11-25 12:45:59.713 [INFO: Solicitud HTTP: GET /protected]
2024-11-25 12:45:59.727 [INFO: Validando token...]
2024-11-25 12:45:59.728 [WARN: No se encontró el token en la solicitud]
2024-11-25 12:45:59.759 [INFO: Solicitud HTTP: GET /protected]
2024-11-25 12:45:59.769 [INFO: Validando token...]
2024-11-25 12:45:59.780 [WARN: No se encontró el token en la solicitud]
2024-11-25 12:50:07.673 [INFO: Solicitud HTTP: GET /protected]
2024-11-25 12:50:07.698 [INFO: Validando token...]
2024-11-25 12:50:07.698 [WARN: No se encontró el token en la solicitud]
2024-11-25 12:50:07.708 [INFO: Solicitud HTTP: GET /protected]
2024-11-25 12:50:07.710 [INFO: Validando token...]
2024-11-25 12:50:07.712 [WARN: No se encontró el token en la solicitud]
2024-11-25 12:50:10.501 [INFO: Solicitud HTTP: GET /login]
2024-11-25 12:50:10.517 [INFO: Redirigiendo al login de ClaveÚnica...]
2024-11-25 12:50:29.012 [INFO: Solicitud HTTP: GET /inicio?code=c0d837abcc2f4b0faecf1f3cc18ce084&state=8207ff5ce1e8b4cd7e1cbf072c48156bd49eeb8a94777b40a9002d4719d0]
2024-11-25 12:50:31.570 [INFO: Se creo el token JWT]
2024-11-25 12:50:32.089 [INFO: Solicitud HTTP: GET /protected]
2024-11-25 12:50:32.090 [INFO: Validando token...]
2024-11-25 12:50:32.099 [INFO: USUARIO: Maria Carmen De los angeles Del rio Gonzalez  | RUN: 44444444-4]
2024-11-25 12:50:32.108 [INFO: Solicitud HTTP: GET /protected]
2024-11-25 12:50:32.109 [INFO: Validando token...]
2024-11-25 12:50:32.113 [INFO: USUARIO: Maria Carmen De los angeles Del rio Gonzalez  | RUN: 44444444-4]
2024-11-25 12:50:36.454 [INFO: Solicitud HTTP: GET /protected]
2024-11-25 12:50:36.459 [INFO: Validando token...]
2024-11-25 12:50:36.463 [INFO: USUARIO: Maria Carmen De los angeles Del rio Gonzalez  | RUN: 44444444-4]
2024-11-25 12:50:36.524 [INFO: Solicitud HTTP: GET /protected]
2024-11-25 12:50:36.526 [INFO: Validando token...]
2024-11-25 12:50:36.530 [INFO: USUARIO: Maria Carmen De los angeles Del rio Gonzalez  | RUN: 44444444-4]
2024-11-25 12:50:38.077 [INFO: Solicitud HTTP: GET /protected]
2024-11-25 12:50:38.080 [INFO: Validando token...]
2024-11-25 12:50:38.083 [INFO: USUARIO: Maria Carmen De los angeles Del rio Gonzalez  | RUN: 44444444-4]
2024-11-25 12:50:38.098 [INFO: Solicitud HTTP: GET /protected]
2024-11-25 12:50:38.100 [INFO: Validando token...]
2024-11-25 12:50:38.103 [INFO: USUARIO: Maria Carmen De los angeles Del rio Gonzalez  | RUN: 44444444-4]
2024-11-25 12:50:43.640 [INFO: Solicitud HTTP: GET /protected]
2024-11-25 12:50:43.641 [INFO: Validando token...]
2024-11-25 12:50:43.649 [ERROR: No se pudo verificar el token. jwt expired]
2024-11-25 12:50:43.657 [INFO: Solicitud HTTP: GET /protected]
2024-11-25 12:50:43.659 [INFO: Validando token...]
2024-11-25 12:50:43.661 [ERROR: No se pudo verificar el token. jwt expired]
2024-11-25 12:50:43.686 [INFO: Solicitud HTTP: GET /protected]
2024-11-25 12:50:43.691 [INFO: Validando token...]
2024-11-25 12:50:43.692 [WARN: No se encontró el token en la solicitud]
2024-11-25 12:50:43.698 [INFO: Solicitud HTTP: GET /protected]
2024-11-25 12:50:43.699 [INFO: Validando token...]
2024-11-25 12:50:43.701 [WARN: No se encontró el token en la solicitud]
2024-11-25 12:50:52.957 [INFO: Solicitud HTTP: GET /protected]
2024-11-25 12:50:52.980 [INFO: Validando token...]
2024-11-25 12:50:52.981 [WARN: No se encontró el token en la solicitud]
2024-11-25 12:50:52.993 [INFO: Solicitud HTTP: GET /protected]
2024-11-25 12:50:53.014 [INFO: Validando token...]
2024-11-25 12:50:53.018 [WARN: No se encontró el token en la solicitud]
2024-11-25 12:50:54.666 [INFO: Solicitud HTTP: GET /protected]
2024-11-25 12:50:54.669 [INFO: Validando token...]
2024-11-25 12:50:54.670 [WARN: No se encontró el token en la solicitud]
2024-11-25 12:50:54.685 [INFO: Solicitud HTTP: GET /protected]
2024-11-25 12:50:54.687 [INFO: Validando token...]
2024-11-25 12:50:54.688 [WARN: No se encontró el token en la solicitud]
